[debug] [2024-05-29T09:13:51.378Z] ----------------------------------------------------------------------
[debug] [2024-05-29T09:13:51.379Z] Command:       /home/tom/.nvm/versions/node/v21.6.2/bin/node /home/tom/.nvm/versions/node/v21.6.2/bin/firebase init hosting:github
[debug] [2024-05-29T09:13:51.380Z] CLI Version:   13.10.2
[debug] [2024-05-29T09:13:51.380Z] Platform:      linux
[debug] [2024-05-29T09:13:51.380Z] Node Version:  v21.6.2
[debug] [2024-05-29T09:13:51.380Z] Time:          Wed May 29 2024 10:13:51 GMT+0100 (British Summer Time)
[debug] [2024-05-29T09:13:51.380Z] ----------------------------------------------------------------------
[debug] 
[debug] [2024-05-29T09:13:51.419Z] > command requires scopes: ["email","openid","https://www.googleapis.com/auth/cloudplatformprojects.readonly","https://www.googleapis.com/auth/firebase","https://www.googleapis.com/auth/cloud-platform"]
[debug] [2024-05-29T09:13:51.419Z] > authorizing via signed-in user (tgheeley@gmail.com)
[info] 
     ######## #### ########  ######## ########     ###     ######  ########
     ##        ##  ##     ## ##       ##     ##  ##   ##  ##       ##
     ######    ##  ########  ######   ########  #########  ######  ######
     ##        ##  ##    ##  ##       ##     ## ##     ##       ## ##
     ##       #### ##     ## ######## ########  ##     ##  ######  ########

You're about to initialize a Firebase project in this directory:

  /home/tom/northcoders/projects/gig-swiper

Before we get started, keep in mind:

  * You are initializing within an existing Firebase project directory

[info] 
=== Project Setup
[info] 
[info] First, let's associate this project directory with a Firebase project.
[info] You can create multiple project aliases by running firebase use --add, 
[info] but for now we'll just set up a default project.
[info] 
[debug] [2024-05-29T09:13:51.421Z] Using project from CLI flag: gig-swiper
[debug] [2024-05-29T09:13:51.422Z] >>> [apiv2][query] GET https://firebase.googleapis.com/v1beta1/projects/gig-swiper [none]
[debug] [2024-05-29T09:13:51.828Z] <<< [apiv2][status] GET https://firebase.googleapis.com/v1beta1/projects/gig-swiper 200
[debug] [2024-05-29T09:13:51.828Z] <<< [apiv2][body] GET https://firebase.googleapis.com/v1beta1/projects/gig-swiper {"projectId":"gig-swiper","projectNumber":"380131406405","displayName":"Gig-Swiper","name":"projects/gig-swiper","resources":{"hostingSite":"gig-swiper"},"state":"ACTIVE","etag":"1_962d29b6-5e13-4912-8c48-83d2b670a720"}
[info] i  Using project gig-swiper (Gig-Swiper) 
[info] 
=== Hosting:github Setup
[info] 
[info] i  Detected a .git folder at /home/tom/northcoders/projects/gig-swiper 
[info] i  Authorizing with GitHub to upload your service account to a GitHub repository's secrets store. 
[info] 
[info] Visit this URL on this device to log in:
[info] https://github.com/login/oauth/authorize?client_id=89cf50f02ac6aaed3484&state=777509689&redirect_uri=http%3A%2F%2Flocalhost%3A9005&scope=read%3Auser%20repo%20public_repo
[info] 
[info] Waiting for authentication...
[debug] [2024-05-29T09:13:52.341Z] >>> [apiv2][query] POST https://github.com/login/oauth/access_token [none]
[debug] [2024-05-29T09:13:52.341Z] >>> [apiv2][body] POST https://github.com/login/oauth/access_token [stream]
[debug] [2024-05-29T09:13:52.641Z] <<< [apiv2][status] POST https://github.com/login/oauth/access_token 200
[debug] [2024-05-29T09:13:52.641Z] <<< [apiv2][body] POST https://github.com/login/oauth/access_token {"access_token":"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","token_type":"bearer","scope":"read:user,repo"}
[debug] [2024-05-29T09:13:52.649Z] >>> [apiv2][query] GET https://api.github.com/user [none]
[debug] [2024-05-29T09:13:52.902Z] <<< [apiv2][status] GET https://api.github.com/user 200
[debug] [2024-05-29T09:13:52.903Z] <<< [apiv2][body] GET https://api.github.com/user {"login":"DevTomUK","id":138986664,"node_id":"U_kgDOCEjEqA","avatar_url":"https://avatars.githubusercontent.com/u/138986664?v=4","gravatar_id":"","url":"https://api.github.com/users/DevTomUK","html_url":"https://github.com/DevTomUK","followers_url":"https://api.github.com/users/DevTomUK/followers","following_url":"https://api.github.com/users/DevTomUK/following{/other_user}","gists_url":"https://api.github.com/users/DevTomUK/gists{/gist_id}","starred_url":"https://api.github.com/users/DevTomUK/starred{/owner}{/repo}","subscriptions_url":"https://api.github.com/users/DevTomUK/subscriptions","organizations_url":"https://api.github.com/users/DevTomUK/orgs","repos_url":"https://api.github.com/users/DevTomUK/repos","events_url":"https://api.github.com/users/DevTomUK/events{/privacy}","received_events_url":"https://api.github.com/users/DevTomUK/received_events","type":"User","site_admin":false,"name":null,"company":null,"blog":"","location":null,"email":null,"hireable":null,"bio":null,"twitter_username":null,"public_repos":8,"public_gists":0,"followers":1,"following":1,"created_at":"2023-07-08T12:52:35Z","updated_at":"2024-05-20T09:58:05Z","private_gists":0,"total_private_repos":31,"owned_private_repos":7,"disk_usage":27744,"collaborators":0,"two_factor_authentication":false,"plan":{"name":"free","space":976562499,"collaborators":0,"private_repos":10000}}
[info] 
[info] ✔  Success! Logged into GitHub as DevTomUK 
[info] 
